-------------------------------------------------------------------------------
Test set: com.examly.springapp.SpringappApplicationTests
-------------------------------------------------------------------------------
Tests run: 13, Failures: 1, Errors: 0, Skipped: 0, Time elapsed: 6.614 s <<< FAILURE! - in com.examly.springapp.SpringappApplicationTests
testgetByID  Time elapsed: 0.192 s  <<< FAILURE!
java.lang.AssertionError: Status expected:<200> but was:<404>
	at com.examly.springapp.SpringappApplicationTests.testgetByID(SpringappApplicationTests.java:62)

